# JRE version: OpenJDK Runtime Environment (8.0_152-b01) (build 1.8.0_152-release-1343-b01)
# Java VM: OpenJDK 64-Bit Server VM (25.152-b01 mixed mode windows-amd64 compressed oops)
Heap:
 PSYoungGen      total 256512K, used 52208K [0x00000000e0000000, 0x00000000fa600000, 0x0000000100000000)
  eden space 204288K, 0% used [0x00000000e0000000,0x00000000e0000000,0x00000000ec780000)
  from space 52224K, 99% used [0x00000000f1900000,0x00000000f4bfc1b0,0x00000000f4c00000)
  to   space 83456K, 0% used [0x00000000ec780000,0x00000000ec780000,0x00000000f1900000)
 ParOldGen       total 153088K, used 122532K [0x00000000a0000000, 0x00000000a9580000, 0x00000000e0000000)
  object space 153088K, 80% used [0x00000000a0000000,0x00000000a77a9210,0x00000000a9580000)
 Metaspace       used 91621K, capacity 94854K, committed 95124K, reserved 1132544K
  class space    used 11752K, capacity 12388K, committed 12476K, reserved 1048576K
GC Heap History (10 events):
Event: 20.540 GC heap after
Heap after GC invocations=17 (full 3):
 PSYoungGen      total 244736K, used 28147K [0x00000000e0000000, 0x00000000f2100000, 0x0000000100000000)
  eden space 216576K, 0% used [0x00000000e0000000,0x00000000e0000000,0x00000000ed380000)
  from space 28160K, 99% used [0x00000000ef480000,0x00000000f0ffcd48,0x00000000f1000000)
  to   space 33792K, 0% used [0x00000000ed380000,0x00000000ed380000,0x00000000ef480000)
 ParOldGen       total 153088K, used 44289K [0x00000000a0000000, 0x00000000a9580000, 0x00000000e0000000)
  object space 153088K, 28% used [0x00000000a0000000,0x00000000a2b40648,0x00000000a9580000)
 Metaspace       used 69035K, capacity 71118K, committed 71316K, reserved 1112064K
  class space    used 9141K, capacity 9578K, committed 9660K, reserved 1048576K
}
Event: 1529.711 GC heap before
{Heap before GC invocations=18 (full 3):
 PSYoungGen      total 244736K, used 244723K [0x00000000e0000000, 0x00000000f2100000, 0x0000000100000000)
  eden space 216576K, 100% used [0x00000000e0000000,0x00000000ed380000,0x00000000ed380000)
  from space 28160K, 99% used [0x00000000ef480000,0x00000000f0ffcd48,0x00000000f1000000)
  to   space 33792K, 0% used [0x00000000ed380000,0x00000000ed380000,0x00000000ef480000)
 ParOldGen       total 153088K, used 44289K [0x00000000a0000000, 0x00000000a9580000, 0x00000000e0000000)
  object space 153088K, 28% used [0x00000000a0000000,0x00000000a2b40648,0x00000000a9580000)
 Metaspace       used 79232K, capacity 81746K, committed 81940K, reserved 1120256K
  class space    used 10289K, capacity 10792K, committed 10812K, reserved 1048576K
Event: 1529.751 GC heap after
Heap after GC invocations=18 (full 3):
 PSYoungGen      total 250368K, used 33780K [0x00000000e0000000, 0x00000000f4500000, 0x0000000100000000)
  eden space 216576K, 0% used [0x00000000e0000000,0x00000000e0000000,0x00000000ed380000)
  from space 33792K, 99% used [0x00000000ed380000,0x00000000ef47d358,0x00000000ef480000)
  to   space 42496K, 0% used [0x00000000f1b80000,0x00000000f1b80000,0x00000000f4500000)
 ParOldGen       total 153088K, used 53214K [0x00000000a0000000, 0x00000000a9580000, 0x00000000e0000000)
  object space 153088K, 34% used [0x00000000a0000000,0x00000000a33f7b98,0x00000000a9580000)
 Metaspace       used 79232K, capacity 81746K, committed 81940K, reserved 1120256K
  class space    used 10289K, capacity 10792K, committed 10812K, reserved 1048576K
}
Event: 1570.584 GC heap before
{Heap before GC invocations=19 (full 3):
 PSYoungGen      total 250368K, used 250356K [0x00000000e0000000, 0x00000000f4500000, 0x0000000100000000)
  eden space 216576K, 100% used [0x00000000e0000000,0x00000000ed380000,0x00000000ed380000)
  from space 33792K, 99% used [0x00000000ed380000,0x00000000ef47d358,0x00000000ef480000)
  to   space 42496K, 0% used [0x00000000f1b80000,0x00000000f1b80000,0x00000000f4500000)
 ParOldGen       total 153088K, used 53214K [0x00000000a0000000, 0x00000000a9580000, 0x00000000e0000000)
  object space 153088K, 34% used [0x00000000a0000000,0x00000000a33f7b98,0x00000000a9580000)
 Metaspace       used 80271K, capacity 83144K, committed 83348K, reserved 1122304K
  class space    used 10392K, capacity 10931K, committed 10940K, reserved 1048576K
Event: 1570.633 GC heap after
Heap after GC invocations=19 (full 3):
 PSYoungGen      total 284672K, used 33021K [0x00000000e0000000, 0x00000000f4580000, 0x0000000100000000)
  eden space 242176K, 0% used [0x00000000e0000000,0x00000000e0000000,0x00000000eec80000)
  from space 42496K, 77% used [0x00000000f1b80000,0x00000000f3bbf568,0x00000000f4500000)
  to   space 45568K, 0% used [0x00000000eec80000,0x00000000eec80000,0x00000000f1900000)
 ParOldGen       total 153088K, used 61830K [0x00000000a0000000, 0x00000000a9580000, 0x00000000e0000000)
  object space 153088K, 40% used [0x00000000a0000000,0x00000000a3c61998,0x00000000a9580000)
 Metaspace       used 80271K, capacity 83144K, committed 83348K, reserved 1122304K
  class space    used 10392K, capacity 10931K, committed 10940K, reserved 1048576K
}
Event: 1580.071 GC heap before
{Heap before GC invocations=20 (full 3):
 PSYoungGen      total 284672K, used 275197K [0x00000000e0000000, 0x00000000f4580000, 0x0000000100000000)
  eden space 242176K, 100% used [0x00000000e0000000,0x00000000eec80000,0x00000000eec80000)
  from space 42496K, 77% used [0x00000000f1b80000,0x00000000f3bbf568,0x00000000f4500000)
  to   space 45568K, 0% used [0x00000000eec80000,0x00000000eec80000,0x00000000f1900000)
 ParOldGen       total 153088K, used 61830K [0x00000000a0000000, 0x00000000a9580000, 0x00000000e0000000)
  object space 153088K, 40% used [0x00000000a0000000,0x00000000a3c61998,0x00000000a9580000)
 Metaspace       used 86552K, capacity 89428K, committed 89748K, reserved 1128448K
  class space    used 11055K, capacity 11647K, committed 11708K, reserved 1048576K
Event: 1580.113 GC heap after
Heap after GC invocations=20 (full 3):
 PSYoungGen      total 280064K, used 45555K [0x00000000e0000000, 0x00000000f4c00000, 0x0000000100000000)
  eden space 234496K, 0% used [0x00000000e0000000,0x00000000e0000000,0x00000000ee500000)
  from space 45568K, 99% used [0x00000000eec80000,0x00000000f18fcc78,0x00000000f1900000)
  to   space 52224K, 0% used [0x00000000f1900000,0x00000000f1900000,0x00000000f4c00000)
 ParOldGen       total 153088K, used 62435K [0x00000000a0000000, 0x00000000a9580000, 0x00000000e0000000)
  object space 153088K, 40% used [0x00000000a0000000,0x00000000a3cf8ea0,0x00000000a9580000)
 Metaspace       used 86552K, capacity 89428K, committed 89748K, reserved 1128448K
  class space    used 11055K, capacity 11647K, committed 11708K, reserved 1048576K
}
Event: 1581.783 GC heap before
{Heap before GC invocations=21 (full 3):
 PSYoungGen      total 280064K, used 280051K [0x00000000e0000000, 0x00000000f4c00000, 0x0000000100000000)
  eden space 234496K, 100% used [0x00000000e0000000,0x00000000ee500000,0x00000000ee500000)
  from space 45568K, 99% used [0x00000000eec80000,0x00000000f18fcc78,0x00000000f1900000)
  to   space 52224K, 0% used [0x00000000f1900000,0x00000000f1900000,0x00000000f4c00000)
 ParOldGen       total 153088K, used 62435K [0x00000000a0000000, 0x00000000a9580000, 0x00000000e0000000)
  object space 153088K, 40% used [0x00000000a0000000,0x00000000a3cf8ea0,0x00000000a9580000)
 Metaspace       used 91621K, capacity 94854K, committed 95124K, reserved 1132544K
  class space    used 11752K, capacity 12388K, committed 12476K, reserved 1048576K
Event: 1581.880 GC heap after
Heap after GC invocations=21 (full 3):
 PSYoungGen      total 256512K, used 52208K [0x00000000e0000000, 0x00000000fa600000, 0x0000000100000000)
  eden space 204288K, 0% used [0x00000000e0000000,0x00000000e0000000,0x00000000ec780000)
  from space 52224K, 99% used [0x00000000f1900000,0x00000000f4bfc1b0,0x00000000f4c00000)
  to   space 83456K, 0% used [0x00000000ec780000,0x00000000ec780000,0x00000000f1900000)
 ParOldGen       total 153088K, used 122532K [0x00000000a0000000, 0x00000000a9580000, 0x00000000e0000000)
  object space 153088K, 80% used [0x00000000a0000000,0x00000000a77a9210,0x00000000a9580000)
 Metaspace       used 91621K, capacity 94854K, committed 95124K, reserved 1132544K
  class space    used 11752K, capacity 12388K, committed 12476K, reserved 1048576K
}
Event: 1581.880 GC heap before
{Heap before GC invocations=22 (full 4):
 PSYoungGen      total 256512K, used 52208K [0x00000000e0000000, 0x00000000fa600000, 0x0000000100000000)
  eden space 204288K, 0% used [0x00000000e0000000,0x00000000e0000000,0x00000000ec780000)
  from space 52224K, 99% used [0x00000000f1900000,0x00000000f4bfc1b0,0x00000000f4c00000)
  to   space 83456K, 0% used [0x00000000ec780000,0x00000000ec780000,0x00000000f1900000)
 ParOldGen       total 153088K, used 122532K [0x00000000a0000000, 0x00000000a9580000, 0x00000000e0000000)
  object space 153088K, 80% used [0x00000000a0000000,0x00000000a77a9210,0x00000000a9580000)
 Metaspace       used 91621K, capacity 94854K, committed 95124K, reserved 1132544K
  class space    used 11752K, capacity 12388K, committed 12476K, reserved 1048576K

